#
# A fatal error has been detected by the Java Runtime Environment:
#
#  SIGSEGV (0xb) at pc=0x00007f45f0b68b90, pid=30375, tid=139937653389056
#
# JRE version: 7.0_02-b13
# Java VM: Java HotSpot(TM) 64-Bit Server VM (22.0-b10 mixed mode linux-amd64 compressed oops)
# Problematic frame:
# C  [libXrandr.so.2+0x2b90]  XRRConfigTimes+0x0
#
# Failed to write core dump. Core dumps have been disabled. To enable core dumping, try "ulimit -c unlimited" before starting Java again
#
# If you would like to submit a bug report, please visit:
#   http://bugreport.sun.com/bugreport/crash.jsp
# The crash happened outside the Java Virtual Machine in native code.
# See problematic frame for where to report the bug.
#

---------------  T H R E A D  ---------------

Current thread (0x00007f4604322000):  JavaThread "Thread-0" [_thread_in_native, id=30402, stack(0x00007f45c60ef000,0x00007f45c61f0000)]

siginfo:si_signo=SIGSEGV: si_errno=0, si_code=1 (SEGV_MAPERR), si_addr=0x0000000000000028

Registers:
RAX=0x0000000000000000, RBX=0x0000000001d1a360, RCX=0x0000000000000000, RDX=0x0000000000000000
RSP=0x00007f45c61ee6f8, RBP=0x0000000000000000, RSI=0x00007f45c61ee710, RDI=0x0000000000000000
R8 =0x0000000000000000, R9 =0x0000000000000032, R10=0x0000000000029000, R11=0x0000000000000246
R12=0x0000000000000251, R13=0x00007f45c0000960, R14=0x00007f45c61ee788, R15=0x00007f45c0000960
RIP=0x00007f45f0b68b90, EFLAGS=0x0000000000010246, CSGSFS=0x0000000000000033, ERR=0x0000000000000004
  TRAPNO=0x000000000000000e

Top of Stack: (sp=0x00007f45c61ee6f8)
0x00007f45c61ee6f8:   00007f45f0db0371 0000000000000000
0x00007f45c61ee708:   0000000500000001 0000000001000000
0x00007f45c61ee718:   c9907f45c61ee868 00007f45c0000960
0x00007f45c61ee728:   0000000000000000 00007f46043221d0
0x00007f45c61ee738:   0000000000000556 0000000000000300
0x00007f45c61ee748:   00007f45f0db05e7 0000000001d1a360
0x00007f45c61ee758:   0000000adc0126e8 0000000000000032
0x00007f45c61ee768:   00007f45c61ee788 00007f45c61ee790
0x00007f45c61ee778:   0000000004282ba0 00007f45c61ee7c0
0x00007f45c61ee788:   00007f46095266c8 0000000000000000
0x00007f45c61ee798:   00000005c61ee8e8 00000000bd78c8f0
0x00007f45c61ee7a8:   00000000bd78c8f0 00007f45c61ee848
0x00007f45c61ee7b8:   0000000000000000 00000000bd78c8e8
0x00007f45c61ee7c8:   00007f45c61ee888 00007f4604322000
0x00007f45c61ee7d8:   00007f4600beabb1 0000000000000000
0x00007f45c61ee7e8:   00000000bd789f40 0000000000000000
0x00007f45c61ee7f8:   00007f45c61ee820 00007f4604322000
0x00007f45c61ee808:   00007f45c61ee808 00000000bd78c8e8
0x00007f45c61ee818:   00007f45c61ee888 00000000bd797660
0x00007f45c61ee828:   0000000000000000 00000000bd78c8f0
0x00007f45c61ee838:   0000000000000000 00007f45c61ee868
0x00007f45c61ee848:   00007f45c61ee8d0 00007f4600bdef98
0x00007f45c61ee858:   00000000ebb76a58 00007f4600be7c18
0x00007f45c61ee868:   00000000ebbe9298 000000000000000a
0x00007f45c61ee878:   0000000000000000 0000000001d1a360
0x00007f45c61ee888:   00007f4600bdf0b5 00007f45c61ee890
0x00007f45c61ee898:   00000000bd78c7de 00007f45c61ee8f0
0x00007f45c61ee8a8:   00000000bd797660 0000000000000000
0x00007f45c61ee8b8:   00000000bd78c818 00007f45c61ee868
0x00007f45c61ee8c8:   00007f45c61ee8e8 00007f45c61ee938
0x00007f45c61ee8d8:   00007f4600bdef98 0000000000000000
0x00007f45c61ee8e8:   00000000ebbe9298 00000000ebb895e8 

Instructions: (pc=0x00007f45f0b68b90)
0x00007f45f0b68b70:   7f e6 85 c9 74 0a 0f bf 08 48 83 c0 02 89 0a c3
0x00007f45f0b68b80:   c7 02 00 00 00 00 31 c0 c3 0f 1f 80 00 00 00 00
0x00007f45f0b68b90:   48 8b 47 28 48 89 06 48 8b 47 20 c3 0f 1f 40 00
0x00007f45f0b68ba0:   0f b7 47 12 66 89 06 8b 47 18 c3 0f 1f 44 00 00 

Register to memory mapping:

RAX=0x0000000000000000 is an unknown value
RBX=0x0000000001d1a360 is an unknown value
RCX=0x0000000000000000 is an unknown value
RDX=0x0000000000000000 is an unknown value
RSP=0x00007f45c61ee6f8 is pointing into the stack for thread: 0x00007f4604322000
RBP=0x0000000000000000 is an unknown value
RSI=0x00007f45c61ee710 is pointing into the stack for thread: 0x00007f4604322000
RDI=0x0000000000000000 is an unknown value
R8 =0x0000000000000000 is an unknown value
R9 =0x0000000000000032 is an unknown value
R10=0x0000000000029000 is an unknown value
R11=0x0000000000000246 is an unknown value
R12=0x0000000000000251 is an unknown value
R13=0x00007f45c0000960 is an unknown value
R14=0x00007f45c61ee788 is pointing into the stack for thread: 0x00007f4604322000
R15=0x00007f45c0000960 is an unknown value


Stack: [0x00007f45c60ef000,0x00007f45c61f0000],  sp=0x00007f45c61ee6f8,  free space=1021k
Native frames: (J=compiled Java code, j=interpreted, Vv=VM code, C=native code)
C  [libXrandr.so.2+0x2b90]  XRRConfigTimes+0x0

[error occurred during error reporting (printing native stack), id 0xb]

Java frames: (J=compiled Java code, j=interpreted, Vv=VM code)
j  org.lwjgl.opengl.LinuxDisplay.nSwitchDisplayMode(JIILorg/lwjgl/opengl/DisplayMode;)V+0
j  org.lwjgl.opengl.LinuxDisplay.switchDisplayModeOnTmpDisplay(Lorg/lwjgl/opengl/DisplayMode;)V+14
j  org.lwjgl.opengl.LinuxDisplay.switchDisplayMode(Lorg/lwjgl/opengl/DisplayMode;)V+5
j  org.lwjgl.opengl.LinuxDisplay.resetDisplayMode()V+40
j  org.lwjgl.opengl.Display.reset()V+3
j  org.lwjgl.opengl.Display.access$000()V+0
j  org.lwjgl.opengl.Display$1.run()V+0
v  ~StubRoutines::call_stub

---------------  P R O C E S S  ---------------

Java Threads: ( => current thread )
  0x00007f46042a6800 JavaThread "XToolkt-Shutdown-Thread" [_thread_blocked, id=30403, stack(0x00007f45f085f000,0x00007f45f0960000)]
=>0x00007f4604322000 JavaThread "Thread-0" [_thread_in_native, id=30402, stack(0x00007f45c60ef000,0x00007f45c61f0000)]
  0x0000000001d22800 JavaThread "process reaper" daemon [_thread_blocked, id=30399, stack(0x00007f460800b000,0x00007f4608025000)]
  0x00007f4604007800 JavaThread "DestroyJavaVM" [_thread_blocked, id=30377, stack(0x00007f460a7bb000,0x00007f460a8bc000)]
  0x00007f4604272000 JavaThread "AWT-XAWT" daemon [_thread_in_native, id=30393, stack(0x00007f45f11de000,0x00007f45f12df000)]
  0x00007f4604232800 JavaThread "Java2D Disposer" daemon [_thread_blocked, id=30392, stack(0x00007f45f16ef000,0x00007f45f17f0000)]
  0x00007f46040e5000 JavaThread "Service Thread" daemon [_thread_blocked, id=30390, stack(0x00007f45f3731000,0x00007f45f3832000)]
  0x00007f46040e3000 JavaThread "C2 CompilerThread1" daemon [_thread_blocked, id=30389, stack(0x00007f45f3832000,0x00007f45f3933000)]
  0x00007f46040e0000 JavaThread "C2 CompilerThread0" daemon [_thread_blocked, id=30388, stack(0x00007f45f3933000,0x00007f45f3a34000)]
  0x00007f46040de000 JavaThread "Signal Dispatcher" daemon [_thread_blocked, id=30387, stack(0x00007f45f3a34000,0x00007f45f3b35000)]
  0x00007f4604091800 JavaThread "Finalizer" daemon [_thread_blocked, id=30386, stack(0x00007f45f3dfe000,0x00007f45f3eff000)]
  0x00007f460408f800 JavaThread "Reference Handler" daemon [_thread_blocked, id=30385, stack(0x00007f45f3eff000,0x00007f45f4000000)]

Other Threads:
  0x00007f4604088000 VMThread [stack: 0x00007f4600042000,0x00007f4600143000] [id=30384]
  0x00007f46040ef800 WatcherThread [stack: 0x00007f45f3630000,0x00007f45f3731000] [id=30391]

VM state:not at safepoint (normal execution)

VM Mutex/Monitor currently owned by a thread: None

Heap
 PSYoungGen      total 18432K, used 14482K [0x00000000eb6b0000, 0x00000000ecb40000, 0x0000000100000000)
  eden space 15808K, 91% used [0x00000000eb6b0000,0x00000000ec4d4960,0x00000000ec620000)
  from space 2624K, 0% used [0x00000000ec8b0000,0x00000000ec8b0000,0x00000000ecb40000)
  to   space 2624K, 0% used [0x00000000ec620000,0x00000000ec620000,0x00000000ec8b0000)
 PSOldGen        total 42176K, used 0K [0x00000000c2400000, 0x00000000c4d30000, 0x00000000eb6b0000)
  object space 42176K, 0% used [0x00000000c2400000,0x00000000c2400000,0x00000000c4d30000)
 PSPermGen       total 21248K, used 8765K [0x00000000bd200000, 0x00000000be6c0000, 0x00000000c2400000)
  object space 21248K, 41% used [0x00000000bd200000,0x00000000bda8f428,0x00000000be6c0000)

Code Cache  [0x00007f4600bd9000, 0x00007f4600e49000, 0x00007f4603bd9000)
 total_blobs=503 nmethods=40 adapters=417 free_code_cache=48556Kb largest_free_block=49706624

Dynamic libraries:
00400000-00401000 r-xp 00000000 08:05 394783                             /usr/lib/jvm/java-7-oracle/bin/java
00600000-00601000 rw-p 00000000 08:05 394783                             /usr/lib/jvm/java-7-oracle/bin/java
01d11000-027fa000 rw-p 00000000 00:00 0                                  [heap]
404e8000-40586000 rw-p 00000000 00:00 0 
40a98000-40a9a000 r-xs 00000000 08:05 1396                               /tmp/glu0owXR (deleted)
bd200000-be6c0000 rw-p 00000000 00:00 0 
be6c0000-c2400000 rw-p 00000000 00:00 0 
c2400000-c4d30000 rw-p 00000000 00:00 0 
c4d30000-eb6b0000 rw-p 00000000 00:00 0 
eb6b0000-ecb40000 rw-p 00000000 00:00 0 
ecb40000-100000000 rw-p 00000000 00:00 0 
7f45b8000000-7f45b8021000 rw-p 00000000 00:00 0 
7f45b8021000-7f45bc000000 ---p 00000000 00:00 0 
7f45bd7f1000-7f45bf359000 r-xp 00000000 08:05 63                         /usr/lib/libnvidia-glcore.so.331.67
7f45bf359000-7f45bf558000 ---p 01b68000 08:05 63                         /usr/lib/libnvidia-glcore.so.331.67
7f45bf558000-7f45bffe3000 rwxp 01b67000 08:05 63                         /usr/lib/libnvidia-glcore.so.331.67
7f45bffe3000-7f45c0000000 rwxp 00000000 00:00 0 
7f45c0000000-7f45c0079000 rw-p 00000000 00:00 0 
7f45c0079000-7f45c4000000 ---p 00000000 00:00 0 
7f45c50f4000-7f45c54f4000 rw-s 75929000 00:05 12486                      /dev/nvidia0
7f45c54f4000-7f45c56f4000 rw-s 0dd39000 00:05 12486                      /dev/nvidia0
7f45c56f4000-7f45c58f4000 rw-s 4ccac000 00:05 12486                      /dev/nvidia0
7f45c58f4000-7f45c59f4000 rw-s 3844a000 00:05 12486                      /dev/nvidia0
7f45c59f4000-7f45c5ab8000 rw-s 13705e000 00:05 12486                     /dev/nvidia0
7f45c5ab8000-7f45c5abb000 r-xp 00000000 08:05 393945                     /usr/lib/tls/libnvidia-tls.so.331.67
7f45c5abb000-7f45c5cba000 ---p 00003000 08:05 393945                     /usr/lib/tls/libnvidia-tls.so.331.67
7f45c5cba000-7f45c5cbb000 rw-p 00002000 08:05 393945                     /usr/lib/tls/libnvidia-tls.so.331.67
7f45c5cbb000-7f45c5d98000 r-xp 00000000 08:05 120                        /usr/lib/libGL.so.331.67
7f45c5d98000-7f45c5f97000 ---p 000dd000 08:05 120                        /usr/lib/libGL.so.331.67
7f45c5f97000-7f45c5fd7000 rwxp 000dc000 08:05 120                        /usr/lib/libGL.so.331.67
7f45c5fd7000-7f45c5fee000 rwxp 00000000 00:00 0 
7f45c5fee000-7f45c5ff1000 ---p 00000000 00:00 0 
7f45c5ff1000-7f45c60ef000 rw-p 00000000 00:00 0                          [stack:30397]
7f45c60ef000-7f45c60f2000 ---p 00000000 00:00 0 
7f45c60f2000-7f45c61f0000 rw-p 00000000 00:00 0                          [stack:30402]
7f45ca1f1000-7f45ca1f2000 ---p 00000000 00:00 0 
7f45ca1f2000-7f45ca9f2000 rw-p 00000000 00:00 0 
7f45ca9f2000-7f45caa09000 r-xp 00000000 08:05 295378                     /lib/x86_64-linux-gnu/libresolv-2.19.so
7f45caa09000-7f45cac09000 ---p 00017000 08:05 295378                     /lib/x86_64-linux-gnu/libresolv-2.19.so
7f45cac09000-7f45cac0a000 r--p 00017000 08:05 295378                     /lib/x86_64-linux-gnu/libresolv-2.19.so
7f45cac0a000-7f45cac0b000 rw-p 00018000 08:05 295378                     /lib/x86_64-linux-gnu/libresolv-2.19.so
7f45cac0b000-7f45cac0d000 rw-p 00000000 00:00 0 
7f45cac0d000-7f45cac14000 r-xp 00000000 08:05 276077                     /usr/lib/x86_64-linux-gnu/libogg.so.0.8.1
7f45cac14000-7f45cae14000 ---p 00007000 08:05 276077                     /usr/lib/x86_64-linux-gnu/libogg.so.0.8.1
7f45cae14000-7f45cae15000 r--p 00007000 08:05 276077                     /usr/lib/x86_64-linux-gnu/libogg.so.0.8.1
7f45cae15000-7f45cae16000 rw-p 00008000 08:05 276077                     /usr/lib/x86_64-linux-gnu/libogg.so.0.8.1
7f45cae16000-7f45cae42000 r-xp 00000000 08:05 294488                     /usr/lib/x86_64-linux-gnu/libvorbis.so.0.4.5
7f45cae42000-7f45cb041000 ---p 0002c000 08:05 294488                     /usr/lib/x86_64-linux-gnu/libvorbis.so.0.4.5
7f45cb041000-7f45cb042000 r--p 0002b000 08:05 294488                     /usr/lib/x86_64-linux-gnu/libvorbis.so.0.4.5
7f45cb042000-7f45cb043000 rw-p 0002c000 08:05 294488                     /usr/lib/x86_64-linux-gnu/libvorbis.so.0.4.5
7f45cb043000-7f45cb2f6000 r-xp 00000000 08:05 297034                     /usr/lib/x86_64-linux-gnu/libvorbisenc.so.2.0.8
7f45cb2f6000-7f45cb4f5000 ---p 002b3000 08:05 297034                     /usr/lib/x86_64-linux-gnu/libvorbisenc.so.2.0.8
7f45cb4f5000-7f45cb511000 r--p 002b2000 08:05 297034                     /usr/lib/x86_64-linux-gnu/libvorbisenc.so.2.0.8
7f45cb511000-7f45cb512000 rw-p 002ce000 08:05 297034                     /usr/lib/x86_64-linux-gnu/libvorbisenc.so.2.0.8
7f45cb512000-7f45cb541000 r-xp 00000000 08:05 297048                     /usr/lib/x86_64-linux-gnu/libFLAC.so.8.3.0
7f45cb541000-7f45cb741000 ---p 0002f000 08:05 297048                     /usr/lib/x86_64-linux-gnu/libFLAC.so.8.3.0
7f45cb741000-7f45cb742000 r--p 0002f000 08:05 297048                     /usr/lib/x86_64-linux-gnu/libFLAC.so.8.3.0
7f45cb742000-7f45cb743000 rw-p 00030000 08:05 297048                     /usr/lib/x86_64-linux-gnu/libFLAC.so.8.3.0
7f45cb743000-7f45cb748000 r-xp 00000000 08:05 265005                     /usr/lib/x86_64-linux-gnu/libasyncns.so.0.3.1
7f45cb748000-7f45cb947000 ---p 00005000 08:05 265005                     /usr/lib/x86_64-linux-gnu/libasyncns.so.0.3.1
7f45cb947000-7f45cb948000 r--p 00004000 08:05 265005                     /usr/lib/x86_64-linux-gnu/libasyncns.so.0.3.1
7f45cb948000-7f45cb949000 rw-p 00005000 08:05 265005                     /usr/lib/x86_64-linux-gnu/libasyncns.so.0.3.1
7f45cb949000-7f45cb9aa000 r-xp 00000000 08:05 265166                     /usr/lib/x86_64-linux-gnu/libsndfile.so.1.0.25
7f45cb9aa000-7f45cbbaa000 ---p 00061000 08:05 265166                     /usr/lib/x86_64-linux-gnu/libsndfile.so.1.0.25
7f45cbbaa000-7f45cbbac000 r--p 00061000 08:05 265166                     /usr/lib/x86_64-linux-gnu/libsndfile.so.1.0.25
7f45cbbac000-7f45cbbad000 rw-p 00063000 08:05 265166                     /usr/lib/x86_64-linux-gnu/libsndfile.so.1.0.25
7f45cbbad000-7f45cbbb1000 rw-p 00000000 00:00 0 
7f45cbbb1000-7f45cbbb9000 r-xp 00000000 08:05 280666                     /lib/x86_64-linux-gnu/libwrap.so.0.7.6
7f45cbbb9000-7f45cbdb8000 ---p 00008000 08:05 280666                     /lib/x86_64-linux-gnu/libwrap.so.0.7.6
7f45cbdb8000-7f45cbdb9000 r--p 00007000 08:05 280666                     /lib/x86_64-linux-gnu/libwrap.so.0.7.6
7f45cbdb9000-7f45cbdba000 rw-p 00008000 08:05 280666                     /lib/x86_64-linux-gnu/libwrap.so.0.7.6
7f45cbdba000-7f45cbdbb000 rw-p 00000000 00:00 0 
7f45cbdbb000-7f45cbdff000 r-xp 00000000 08:05 264695                     /lib/x86_64-linux-gnu/libdbus-1.so.3.7.6
7f45cbdff000-7f45cbffe000 ---p 00044000 08:05 264695                     /lib/x86_64-linux-gnu/libdbus-1.so.3.7.6
7f45cbffe000-7f45cbfff000 r--p 00043000 08:05 264695                     /lib/x86_64-linux-gnu/libdbus-1.so.3.7.6
7f45cbfff000-7f45cc000000 rw-p 00044000 08:05 264695                     /lib/x86_64-linux-gnu/libdbus-1.so.3.7.6
7f45cc000000-7f45cc021000 rw-p 00000000 00:00 0 
7f45cc021000-7f45d0000000 ---p 00000000 00:00 0 
7f45d0000000-7f45d0021000 rw-p 00000000 00:00 0 
7f45d0021000-7f45d4000000 ---p 00000000 00:00 0 
7f45d4000000-7f45d4021000 rw-p 00000000 00:00 0 
7f45d4021000-7f45d8000000 ---p 00000000 00:00 0 
7f45d8000000-7f45d8021000 rw-p 00000000 00:00 0 
7f45d8021000-7f45dc000000 ---p 00000000 00:00 0 
7f45dc000000-7f45dc1ad000 rw-p 00000000 00:00 0 
7f45dc1ad000-7f45e0000000 ---p 00000000 00:00 0 
7f45e0000000-7f45e0183000 rw-p 00000000 00:00 0 
7f45e0183000-7f45e4000000 ---p 00000000 00:00 0 
7f45e4000000-7f45e4021000 rw-p 00000000 00:00 0 
7f45e4021000-7f45e8000000 ---p 00000000 00:00 0 
7f45e8000000-7f45e8021000 rw-p 00000000 00:00 0 
7f45e8021000-7f45ec000000 ---p 00000000 00:00 0 
7f45ec000000-7f45ec021000 rw-p 00000000 00:00 0 
7f45ec021000-7f45f0000000 ---p 00000000 00:00 0 
7f45f000d000-7f45f004d000 rw-s 65e4c000 00:05 12486                      /dev/nvidia0
7f45f004d000-7f45f00b3000 r-xp 00000000 08:05 394133                     /usr/lib/x86_64-linux-gnu/pulseaudio/libpulsecommon-4.0.so
7f45f00b3000-7f45f02b2000 ---p 00066000 08:05 394133                     /usr/lib/x86_64-linux-gnu/pulseaudio/libpulsecommon-4.0.so
7f45f02b2000-7f45f02b3000 r--p 00065000 08:05 394133                     /usr/lib/x86_64-linux-gnu/pulseaudio/libpulsecommon-4.0.so
7f45f02b3000-7f45f02b4000 rw-p 00066000 08:05 394133                     /usr/lib/x86_64-linux-gnu/pulseaudio/libpulsecommon-4.0.so
7f45f02b4000-7f45f02bd000 r-xp 00000000 08:05 273449                     /lib/x86_64-linux-gnu/libjson-c.so.2.0.0
7f45f02bd000-7f45f04bc000 ---p 00009000 08:05 273449                     /lib/x86_64-linux-gnu/libjson-c.so.2.0.0
7f45f04bc000-7f45f04bd000 r--p 00008000 08:05 273449                     /lib/x86_64-linux-gnu/libjson-c.so.2.0.0
7f45f04bd000-7f45f04be000 rw-p 00009000 08:05 273449                     /lib/x86_64-linux-gnu/libjson-c.so.2.0.0
7f45f04be000-7f45f0505000 r-xp 00000000 08:05 265892                     /usr/lib/x86_64-linux-gnu/libpulse.so.0.16.2
7f45f0505000-7f45f0705000 ---p 00047000 08:05 265892                     /usr/lib/x86_64-linux-gnu/libpulse.so.0.16.2
7f45f0705000-7f45f0706000 r--p 00047000 08:05 265892                     /usr/lib/x86_64-linux-gnu/libpulse.so.0.16.2
7f45f0706000-7f45f0707000 rw-p 00048000 08:05 265892                     /usr/lib/x86_64-linux-gnu/libpulse.so.0.16.2
7f45f085f000-7f45f0862000 ---p 00000000 00:00 0 
7f45f0862000-7f45f0960000 rw-p 00000000 00:00 0                          [stack:30403]
7f45f0960000-7f45f0964000 r-xp 00000000 08:05 274320                     /usr/lib/x86_64-linux-gnu/libXxf86vm.so.1.0.0
7f45f0964000-7f45f0b64000 ---p 00004000 08:05 274320                     /usr/lib/x86_64-linux-gnu/libXxf86vm.so.1.0.0
7f45f0b64000-7f45f0b65000 r--p 00004000 08:05 274320                     /usr/lib/x86_64-linux-gnu/libXxf86vm.so.1.0.0
7f45f0b65000-7f45f0b66000 rw-p 00005000 08:05 274320                     /usr/lib/x86_64-linux-gnu/libXxf86vm.so.1.0.0
7f45f0b66000-7f45f0b6f000 r-xp 00000000 08:05 262648                     /usr/lib/x86_64-linux-gnu/libXrandr.so.2.2.0
7f45f0b6f000-7f45f0d6e000 ---p 00009000 08:05 262648                     /usr/lib/x86_64-linux-gnu/libXrandr.so.2.2.0
7f45f0d6e000-7f45f0d6f000 r--p 00008000 08:05 262648                     /usr/lib/x86_64-linux-gnu/libXrandr.so.2.2.0
7f45f0d6f000-7f45f0d70000 rw-p 00009000 08:05 262648                     /usr/lib/x86_64-linux-gnu/libXrandr.so.2.2.0
7f45f0d70000-7f45f0dda000 r-xp 00000000 08:05 527253                     /tmp/libgdxherbert/d13da6b9/liblwjgl64.so
7f45f0dda000-7f45f0fda000 ---p 0006a000 08:05 527253                     /tmp/libgdxherbert/d13da6b9/liblwjgl64.so
7f45f0fda000-7f45f0fdc000 r--p 0006a000 08:05 527253                     /tmp/libgdxherbert/d13da6b9/liblwjgl64.so
7f45f0fdc000-7f45f0fdd000 rw-p 0006c000 08:05 527253                     /tmp/libgdxherbert/d13da6b9/liblwjgl64.so
7f45f0fdd000-7f45f0fde000 r-xp 00000000 08:05 396163                     /usr/lib/jvm/java-7-oracle/jre/lib/amd64/libjawt.so
7f45f0fde000-7f45f11dd000 ---p 00001000 08:05 396163                     /usr/lib/jvm/java-7-oracle/jre/lib/amd64/libjawt.so
7f45f11dd000-7f45f11de000 rw-p 00000000 08:05 396163                     /usr/lib/jvm/java-7-oracle/jre/lib/amd64/libjawt.so
7f45f11de000-7f45f11e1000 ---p 00000000 00:00 0 
7f45f11e1000-7f45f12df000 rw-p 00000000 00:00 0                          [stack:30393]
7f45f12df000-7f45f12e4000 r-xp 00000000 08:05 278779                     /usr/lib/x86_64-linux-gnu/libXfixes.so.3.1.0
7f45f12e4000-7f45f14e3000 ---p 00005000 08:05 278779                     /usr/lib/x86_64-linux-gnu/libXfixes.so.3.1.0
7f45f14e3000-7f45f14e4000 r--p 00004000 08:05 278779                     /usr/lib/x86_64-linux-gnu/libXfixes.so.3.1.0
7f45f14e4000-7f45f14e5000 rw-p 00005000 08:05 278779                     /usr/lib/x86_64-linux-gnu/libXfixes.so.3.1.0
7f45f14e5000-7f45f14ee000 r-xp 00000000 08:05 263798                     /usr/lib/x86_64-linux-gnu/libXcursor.so.1.0.2
7f45f14ee000-7f45f16ed000 ---p 00009000 08:05 263798                     /usr/lib/x86_64-linux-gnu/libXcursor.so.1.0.2
7f45f16ed000-7f45f16ee000 r--p 00008000 08:05 263798                     /usr/lib/x86_64-linux-gnu/libXcursor.so.1.0.2
7f45f16ee000-7f45f16ef000 rw-p 00009000 08:05 263798                     /usr/lib/x86_64-linux-gnu/libXcursor.so.1.0.2
7f45f16ef000-7f45f16f2000 ---p 00000000 00:00 0 
7f45f16f2000-7f45f17f0000 rw-p 00000000 00:00 0                          [stack:30392]
7f45f17f0000-7f45f17f5000 r-xp 00000000 08:05 291670                     /usr/lib/x86_64-linux-gnu/libXdmcp.so.6.0.0
7f45f17f5000-7f45f19f4000 ---p 00005000 08:05 291670                     /usr/lib/x86_64-linux-gnu/libXdmcp.so.6.0.0
7f45f19f4000-7f45f19f5000 r--p 00004000 08:05 291670                     /usr/lib/x86_64-linux-gnu/libXdmcp.so.6.0.0
7f45f19f5000-7f45f19f6000 rw-p 00005000 08:05 291670                     /usr/lib/x86_64-linux-gnu/libXdmcp.so.6.0.0
7f45f19f6000-7f45f19f8000 r-xp 00000000 08:05 278328                     /usr/lib/x86_64-linux-gnu/libXau.so.6.0.0
7f45f19f8000-7f45f1bf8000 ---p 00002000 08:05 278328                     /usr/lib/x86_64-linux-gnu/libXau.so.6.0.0
7f45f1bf8000-7f45f1bf9000 r--p 00002000 08:05 278328                     /usr/lib/x86_64-linux-gnu/libXau.so.6.0.0
7f45f1bf9000-7f45f1bfa000 rw-p 00003000 08:05 278328                     /usr/lib/x86_64-linux-gnu/libXau.so.6.0.0
7f45f1bfa000-7f45f1c17000 r-xp 00000000 08:05 297119                     /usr/lib/x86_64-linux-gnu/libxcb.so.1.1.0
7f45f1c17000-7f45f1e17000 ---p 0001d000 08:05 297119                     /usr/lib/x86_64-linux-gnu/libxcb.so.1.1.0
7f45f1e17000-7f45f1e18000 r--p 0001d000 08:05 297119                     /usr/lib/x86_64-linux-gnu/libxcb.so.1.1.0
7f45f1e18000-7f45f1e19000 rw-p 0001e000 08:05 297119                     /usr/lib/x86_64-linux-gnu/libxcb.so.1.1.0
7f45f1e19000-7f45f1e28000 r-xp 00000000 08:05 278757                     /usr/lib/x86_64-linux-gnu/libXi.so.6.1.0
7f45f1e28000-7f45f2027000 ---p 0000f000 08:05 278757                     /usr/lib/x86_64-linux-gnu/libXi.so.6.1.0
7f45f2027000-7f45f2028000 r--p 0000e000 08:05 278757                     /usr/lib/x86_64-linux-gnu/libXi.so.6.1.0
7f45f2028000-7f45f2029000 rw-p 0000f000 08:05 278757                     /usr/lib/x86_64-linux-gnu/libXi.so.6.1.0
7f45f2029000-7f45f202e000 r-xp 00000000 08:05 279259                     /usr/lib/x86_64-linux-gnu/libXtst.so.6.1.0
7f45f202e000-7f45f222d000 ---p 00005000 08:05 279259                     /usr/lib/x86_64-linux-gnu/libXtst.so.6.1.0
7f45f222d000-7f45f222e000 r--p 00004000 08:05 279259                     /usr/lib/x86_64-linux-gnu/libXtst.so.6.1.0
7f45f222e000-7f45f222f000 rw-p 00005000 08:05 279259                     /usr/lib/x86_64-linux-gnu/libXtst.so.6.1.0
7f45f222f000-7f45f2238000 r-xp 00000000 08:05 264357                     /usr/lib/x86_64-linux-gnu/libXrender.so.1.3.0
7f45f2238000-7f45f2437000 ---p 00009000 08:05 264357                     /usr/lib/x86_64-linux-gnu/libXrender.so.1.3.0
7f45f2437000-7f45f2438000 r--p 00008000 08:05 264357                     /usr/lib/x86_64-linux-gnu/libXrender.so.1.3.0
7f45f2438000-7f45f2439000 rw-p 00009000 08:05 264357                     /usr/lib/x86_64-linux-gnu/libXrender.so.1.3.0
7f45f2439000-7f45f2569000 r-xp 00000000 08:05 278348                     /usr/lib/x86_64-linux-gnu/libX11.so.6.3.0
7f45f2569000-7f45f2769000 ---p 00130000 08:05 278348                     /usr/lib/x86_64-linux-gnu/libX11.so.6.3.0
7f45f2769000-7f45f276a000 r--p 00130000 08:05 278348                     /usr/lib/x86_64-linux-gnu/libX11.so.6.3.0
7f45f276a000-7f45f276e000 rw-p 00131000 08:05 278348                     /usr/lib/x86_64-linux-gnu/libX11.so.6.3.0
7f45f276e000-7f45f277f000 r-xp 00000000 08:05 278682                     /usr/lib/x86_64-linux-gnu/libXext.so.6.4.0
7f45f277f000-7f45f297e000 ---p 00011000 08:05 278682                     /usr/lib/x86_64-linux-gnu/libXext.so.6.4.0
7f45f297e000-7f45f297f000 r--p 00010000 08:05 278682                     /usr/lib/x86_64-linux-gnu/libXext.so.6.4.0
7f45f297f000-7f45f2980000 rw-p 00011000 08:05 278682                     /usr/lib/x86_64-linux-gnu/libXext.so.6.4.0
7f45f2980000-7f45f29d0000 r-xp 00000000 08:05 396193                     /usr/lib/jvm/java-7-oracle/jre/lib/amd64/xawt/libmawt.so
7f45f29d0000-7f45f2bcf000 ---p 00050000 08:05 396193                     /usr/lib/jvm/java-7-oracle/jre/lib/amd64/xawt/libmawt.so
7f45f2bcf000-7f45f2bd3000 rw-p 0004f000 08:05 396193                     /usr/lib/jvm/java-7-oracle/jre/lib/amd64/xawt/libmawt.so
7f45f2bd3000-7f45f2bd4000 rw-p 00000000 00:00 0 
7f45f2bd4000-7f45f2c76000 r-xp 00000000 08:05 396138                     /usr/lib/jvm/java-7-oracle/jre/lib/amd64/libawt.so
7f45f2c76000-7f45f2e76000 ---p 000a2000 08:05 396138                     /usr/lib/jvm/java-7-oracle/jre/lib/amd64/libawt.so
7f45f2e76000-7f45f2e82000 rw-p 000a2000 08:05 396138                     /usr/lib/jvm/java-7-oracle/jre/lib/amd64/libawt.so
7f45f2e82000-7f45f2ea6000 rw-p 00000000 00:00 0 
7f45f2ea6000-7f45f2ebc000 r-xp 00000000 08:05 276893                     /lib/x86_64-linux-gnu/libgcc_s.so.1
7f45f2ebc000-7f45f30bb000 ---p 00016000 08:05 276893                     /lib/x86_64-linux-gnu/libgcc_s.so.1
7f45f30bb000-7f45f30bc000 rw-p 00015000 08:05 276893                     /lib/x86_64-linux-gnu/libgcc_s.so.1
7f45f30bc000-7f45f31a2000 r-xp 00000000 08:05 276049                     /usr/lib/x86_64-linux-gnu/libstdc++.so.6.0.19
7f45f31a2000-7f45f33a1000 ---p 000e6000 08:05 276049                     /usr/lib/x86_64-linux-gnu/libstdc++.so.6.0.19
7f45f33a1000-7f45f33a9000 r--p 000e5000 08:05 276049                     /usr/lib/x86_64-linux-gnu/libstdc++.so.6.0.19
7f45f33a9000-7f45f33ab000 rw-p 000ed000 08:05 276049                     /usr/lib/x86_64-linux-gnu/libstdc++.so.6.0.19
7f45f33ab000-7f45f33c0000 rw-p 00000000 00:00 0 
7f45f33c0000-7f45f342c000 r-xp 00000000 08:05 527251                     /tmp/libgdxherbert/83c3ff60/libgdx64.so
7f45f342c000-7f45f362c000 ---p 0006c000 08:05 527251                     /tmp/libgdxherbert/83c3ff60/libgdx64.so
7f45f362c000-7f45f362e000 r--p 0006c000 08:05 527251                     /tmp/libgdxherbert/83c3ff60/libgdx64.so
7f45f362e000-7f45f362f000 rw-p 0006e000 08:05 527251                     /tmp/libgdxherbert/83c3ff60/libgdx64.so
7f45f362f000-7f45f3630000 rw-p 00000000 00:00 0 
7f45f3630000-7f45f3631000 ---p 00000000 00:00 0 
7f45f3631000-7f45f3731000 rw-p 00000000 00:00 0                          [stack:30391]
7f45f3731000-7f45f3734000 ---p 00000000 00:00 0 
7f45f3734000-7f45f3832000 rw-p 00000000 00:00 0                          [stack:30390]
7f45f3832000-7f45f3835000 ---p 00000000 00:00 0 
7f45f3835000-7f45f3933000 rw-p 00000000 00:00 0                          [stack:30389]
7f45f3933000-7f45f3936000 ---p 00000000 00:00 0 
7f45f3936000-7f45f3a34000 rw-p 00000000 00:00 0                          [stack:30388]
7f45f3a34000-7f45f3a37000 ---p 00000000 00:00 0 
7f45f3a37000-7f45f3b35000 rw-p 00000000 00:00 0                          [stack:30387]
7f45f3b35000-7f45f3dfe000 r--p 00000000 08:05 138766                     /usr/lib/locale/locale-archive
7f45f3dfe000-7f45f3e01000 ---p 00000000 00:00 0 
7f45f3e01000-7f45f3eff000 rw-p 00000000 00:00 0                          [stack:30386]
7f45f3eff000-7f45f3f02000 ---p 00000000 00:00 0 
7f45f3f02000-7f45f4000000 rw-p 00000000 00:00 0                          [stack:30385]
7f45f4000000-7f45f4021000 rw-p 00000000 00:00 0 
7f45f4021000-7f45f8000000 ---p 00000000 00:00 0 
7f45f8000000-7f45f8021000 rw-p 00000000 00:00 0 
7f45f8021000-7f45fc000000 ---p 00000000 00:00 0 
7f45fc000000-7f45fc021000 rw-p 00000000 00:00 0 
7f45fc021000-7f4600000000 ---p 00000000 00:00 0 
7f4600022000-7f4600042000 rw-s 65eef000 00:05 12486                      /dev/nvidia0
7f4600042000-7f4600043000 ---p 00000000 00:00 0 
7f4600043000-7f46004b6000 rw-p 00000000 00:00 0                          [stack:30384]
7f46004b6000-7f4600675000 r--s 039ff000 08:05 397135                     /usr/lib/jvm/java-7-oracle/jre/lib/rt.jar
7f4600675000-7f4600676000 ---p 00000000 00:00 0 
7f4600676000-7f4600776000 rw-p 00000000 00:00 0                          [stack:30380]
7f4600776000-7f4600777000 ---p 00000000 00:00 0 
7f4600777000-7f460088c000 rw-p 00000000 00:00 0                          [stack:30379]
7f460088c000-7f46009c1000 rw-p 00000000 00:00 0 
7f46009c1000-7f46009cc000 rw-p 00000000 00:00 0 
7f46009cc000-7f46009ea000 rw-p 00000000 00:00 0 
7f46009ea000-7f46009ff000 rw-p 00000000 00:00 0 
7f46009ff000-7f4600b33000 rw-p 00000000 00:00 0 
7f4600b33000-7f4600b3e000 rw-p 00000000 00:00 0 
7f4600b3e000-7f4600bd8000 rw-p 00000000 00:00 0 
7f4600bd8000-7f4600bd9000 rw-p 00000000 00:00 0 
7f4600bd9000-7f4600e49000 rwxp 00000000 00:00 0 
7f4600e49000-7f4603bd9000 rw-p 00000000 00:00 0 
7f4603bd9000-7f4603bf3000 r-xp 00000000 08:05 396186                     /usr/lib/jvm/java-7-oracle/jre/lib/amd64/libzip.so
7f4603bf3000-7f4603df3000 ---p 0001a000 08:05 396186                     /usr/lib/jvm/java-7-oracle/jre/lib/amd64/libzip.so
7f4603df3000-7f4603df4000 rw-p 0001a000 08:05 396186                     /usr/lib/jvm/java-7-oracle/jre/lib/amd64/libzip.so
7f4603df4000-7f4603dff000 r-xp 00000000 08:05 295365                     /lib/x86_64-linux-gnu/libnss_files-2.19.so
7f4603dff000-7f4603ffe000 ---p 0000b000 08:05 295365                     /lib/x86_64-linux-gnu/libnss_files-2.19.so
7f4603ffe000-7f4603fff000 r--p 0000a000 08:05 295365                     /lib/x86_64-linux-gnu/libnss_files-2.19.so
7f4603fff000-7f4604000000 rw-p 0000b000 08:05 295365                     /lib/x86_64-linux-gnu/libnss_files-2.19.so
7f4604000000-7f460432c000 rw-p 00000000 00:00 0 
7f460432c000-7f4608000000 ---p 00000000 00:00 0 
7f4608002000-7f4608004000 rw-p 00000000 00:00 0 
7f4608004000-7f460800b000 rw-s b9d52000 00:05 12486                      /dev/nvidia0
7f460800b000-7f460800e000 ---p 00000000 00:00 0 
7f460800e000-7f4608025000 rw-p 00000000 00:00 0                          [stack:30399]
7f4608025000-7f4608036000 r--s 00127000 08:04 324842                     /media/Data/workspace/Phoenix-desktop/libs/gdx-backend-lwjgl.jar
7f4608036000-7f460804c000 r--s 00145000 08:04 141334                     /media/Data/Downloads/libgdx-0.9.9/gdx.jar
7f460804c000-7f460807f000 rw-p 00000000 00:00 0 
7f460807f000-7f460809d000 rw-p 00000000 00:00 0 
7f460809d000-7f46080a8000 r-xp 00000000 08:05 295372                     /lib/x86_64-linux-gnu/libnss_nis-2.19.so
7f46080a8000-7f46082a7000 ---p 0000b000 08:05 295372                     /lib/x86_64-linux-gnu/libnss_nis-2.19.so
7f46082a7000-7f46082a8000 r--p 0000a000 08:05 295372                     /lib/x86_64-linux-gnu/libnss_nis-2.19.so
7f46082a8000-7f46082a9000 rw-p 0000b000 08:05 295372                     /lib/x86_64-linux-gnu/libnss_nis-2.19.so
7f46082a9000-7f46082c0000 r-xp 00000000 08:05 295369                     /lib/x86_64-linux-gnu/libnsl-2.19.so
7f46082c0000-7f46084bf000 ---p 00017000 08:05 295369                     /lib/x86_64-linux-gnu/libnsl-2.19.so
7f46084bf000-7f46084c0000 r--p 00016000 08:05 295369                     /lib/x86_64-linux-gnu/libnsl-2.19.so
7f46084c0000-7f46084c1000 rw-p 00017000 08:05 295369                     /lib/x86_64-linux-gnu/libnsl-2.19.so
7f46084c1000-7f46084c3000 rw-p 00000000 00:00 0 
7f46084c3000-7f46084cc000 r-xp 00000000 08:05 295373                     /lib/x86_64-linux-gnu/libnss_compat-2.19.so
7f46084cc000-7f46086cb000 ---p 00009000 08:05 295373                     /lib/x86_64-linux-gnu/libnss_compat-2.19.so
7f46086cb000-7f46086cc000 r--p 00008000 08:05 295373                     /lib/x86_64-linux-gnu/libnss_compat-2.19.so
7f46086cc000-7f46086cd000 rw-p 00009000 08:05 295373                     /lib/x86_64-linux-gnu/libnss_compat-2.19.so
7f46086cd000-7f46086f6000 r-xp 00000000 08:05 396159                     /usr/lib/jvm/java-7-oracle/jre/lib/amd64/libjava.so
7f46086f6000-7f46088f6000 ---p 00029000 08:05 396159                     /usr/lib/jvm/java-7-oracle/jre/lib/amd64/libjava.so
7f46088f6000-7f46088f8000 rw-p 00029000 08:05 396159                     /usr/lib/jvm/java-7-oracle/jre/lib/amd64/libjava.so
7f46088f8000-7f4608907000 r-xp 00000000 08:05 396185                     /usr/lib/jvm/java-7-oracle/jre/lib/amd64/libverify.so
7f4608907000-7f4608b06000 ---p 0000f000 08:05 396185                     /usr/lib/jvm/java-7-oracle/jre/lib/amd64/libverify.so
7f4608b06000-7f4608b08000 rw-p 0000e000 08:05 396185                     /usr/lib/jvm/java-7-oracle/jre/lib/amd64/libverify.so
7f4608b08000-7f4608b0f000 r-xp 00000000 08:05 295380                     /lib/x86_64-linux-gnu/librt-2.19.so
7f4608b0f000-7f4608d0e000 ---p 00007000 08:05 295380                     /lib/x86_64-linux-gnu/librt-2.19.so
7f4608d0e000-7f4608d0f000 r--p 00006000 08:05 295380                     /lib/x86_64-linux-gnu/librt-2.19.so
7f4608d0f000-7f4608d10000 rw-p 00007000 08:05 295380                     /lib/x86_64-linux-gnu/librt-2.19.so
7f4608d10000-7f4608e15000 r-xp 00000000 08:05 295366                     /lib/x86_64-linux-gnu/libm-2.19.so
7f4608e15000-7f4609014000 ---p 00105000 08:05 295366                     /lib/x86_64-linux-gnu/libm-2.19.so
7f4609014000-7f4609015000 r--p 00104000 08:05 295366                     /lib/x86_64-linux-gnu/libm-2.19.so
7f4609015000-7f4609016000 rw-p 00105000 08:05 295366                     /lib/x86_64-linux-gnu/libm-2.19.so
7f4609016000-7f46099f6000 r-xp 00000000 08:05 396190                     /usr/lib/jvm/java-7-oracle/jre/lib/amd64/server/libjvm.so
7f46099f6000-7f4609bf6000 ---p 009e0000 08:05 396190                     /usr/lib/jvm/java-7-oracle/jre/lib/amd64/server/libjvm.so
7f4609bf6000-7f4609c93000 rw-p 009e0000 08:05 396190                     /usr/lib/jvm/java-7-oracle/jre/lib/amd64/server/libjvm.so
7f4609c93000-7f4609ccc000 rw-p 00000000 00:00 0 
7f4609ccc000-7f4609e88000 r-xp 00000000 08:05 295363                     /lib/x86_64-linux-gnu/libc-2.19.so
7f4609e88000-7f460a087000 ---p 001bc000 08:05 295363                     /lib/x86_64-linux-gnu/libc-2.19.so
7f460a087000-7f460a08b000 r--p 001bb000 08:05 295363                     /lib/x86_64-linux-gnu/libc-2.19.so
7f460a08b000-7f460a08d000 rw-p 001bf000 08:05 295363                     /lib/x86_64-linux-gnu/libc-2.19.so
7f460a08d000-7f460a092000 rw-p 00000000 00:00 0 
7f460a092000-7f460a095000 r-xp 00000000 08:05 295376                     /lib/x86_64-linux-gnu/libdl-2.19.so
7f460a095000-7f460a294000 ---p 00003000 08:05 295376                     /lib/x86_64-linux-gnu/libdl-2.19.so
7f460a294000-7f460a295000 r--p 00002000 08:05 295376                     /lib/x86_64-linux-gnu/libdl-2.19.so
7f460a295000-7f460a296000 rw-p 00003000 08:05 295376                     /lib/x86_64-linux-gnu/libdl-2.19.so
7f460a296000-7f460a2ac000 r-xp 00000000 08:05 396084                     /usr/lib/jvm/java-7-oracle/jre/lib/amd64/jli/libjli.so
7f460a2ac000-7f460a4ab000 ---p 00016000 08:05 396084                     /usr/lib/jvm/java-7-oracle/jre/lib/amd64/jli/libjli.so
7f460a4ab000-7f460a4ac000 rw-p 00015000 08:05 396084                     /usr/lib/jvm/java-7-oracle/jre/lib/amd64/jli/libjli.so
7f460a4ac000-7f460a4c5000 r-xp 00000000 08:05 295379                     /lib/x86_64-linux-gnu/libpthread-2.19.so
7f460a4c5000-7f460a6c4000 ---p 00019000 08:05 295379                     /lib/x86_64-linux-gnu/libpthread-2.19.so
7f460a6c4000-7f460a6c5000 r--p 00018000 08:05 295379                     /lib/x86_64-linux-gnu/libpthread-2.19.so
7f460a6c5000-7f460a6c6000 rw-p 00019000 08:05 295379                     /lib/x86_64-linux-gnu/libpthread-2.19.so
7f460a6c6000-7f460a6ca000 rw-p 00000000 00:00 0 
7f460a6ca000-7f460a6ed000 r-xp 00000000 08:05 288814                     /lib/x86_64-linux-gnu/ld-2.19.so
7f460a6ed000-7f460a6ef000 rw-s 00000000 08:05 1396                       /tmp/glu0owXR (deleted)
7f460a6ef000-7f460a6f0000 rw-s d000c000 00:05 12486                      /dev/nvidia0
7f460a6f0000-7f460a6f4000 rw-s 5353b000 00:05 12486                      /dev/nvidia0
7f460a6f4000-7f460a6fb000 r--s 00000000 08:05 295466                     /usr/lib/x86_64-linux-gnu/gconv/gconv-modules.cache
7f460a6fb000-7f460a705000 rw-p 00000000 00:00 0 
7f460a705000-7f460a7bb000 rw-p 00000000 00:00 0 
7f460a7bb000-7f460a7be000 ---p 00000000 00:00 0 
7f460a7be000-7f460a8c0000 rw-p 00000000 00:00 0                          [stack:30377]
7f460a8c0000-7f460a8c1000 rw-s 22c00000 00:05 12486                      /dev/nvidia0
7f460a8c2000-7f460a8c3000 rw-s f6641000 00:05 12486                      /dev/nvidia0
7f460a8c3000-7f460a8c4000 rw-s 19a92000 00:05 12486                      /dev/nvidia0
7f460a8c4000-7f460a8c5000 rw-s 6ec54000 00:05 12486                      /dev/nvidia0
7f460a8c5000-7f460a8c6000 rw-s f6060000 00:05 12486                      /dev/nvidia0
7f460a8c6000-7f460a8c7000 r--s 00123000 08:04 324848                     /media/Data/workspace/Phoenix-desktop/libs/gdx-natives.jar
7f460a8c7000-7f460a8c9000 r--s 0019e000 08:04 324840                     /media/Data/workspace/Phoenix-desktop/libs/gdx-backend-lwjgl-natives.jar
7f460a8c9000-7f460a8ca000 r--s 00014000 08:04 142585                     /media/Data/java-json.jar
7f460a8ca000-7f460a8e0000 r--s 00145000 08:04 324290                     /media/Data/workspace/Phoenix/libs/gdx.jar
7f460a8e0000-7f460a8e8000 rw-s 00000000 08:05 527055                     /tmp/hsperfdata_herbert/30375
7f460a8e8000-7f460a8e9000 rw-p 00000000 00:00 0 
7f460a8e9000-7f460a8ea000 r--p 00000000 00:00 0 
7f460a8ea000-7f460a8ec000 rw-p 00000000 00:00 0 
7f460a8ec000-7f460a8ed000 r--p 00022000 08:05 288814                     /lib/x86_64-linux-gnu/ld-2.19.so
7f460a8ed000-7f460a8ee000 rw-p 00023000 08:05 288814                     /lib/x86_64-linux-gnu/ld-2.19.so
7f460a8ee000-7f460a8ef000 rw-p 00000000 00:00 0 
7fffa791c000-7fffa793d000 rw-p 00000000 00:00 0                          [stack]
7fffa79fe000-7fffa7a00000 r-xp 00000000 00:00 0                          [vdso]
ffffffffff600000-ffffffffff601000 r-xp 00000000 00:00 0                  [vsyscall]

VM Arguments:
jvm_args: -Dfile.encoding=UTF-8 
java_command: com.herb.phoenix.PhoenixDesktop
Launcher Type: SUN_STANDARD

Environment Variables:
JAVA_HOME=/usr/lib/jvm/java-7-openjdk-amd64/
PATH=/home/herbert/bin:/usr/local/sbin:/usr/local/bin:/usr/sbin:/usr/bin:/sbin:/bin:/usr/games:/usr/local/games:~/media/Data/Android/android-sdk-linux/tools:~/media/Data/Android/android-sdk-linux/platform-tools
SHELL=/bin/bash
DISPLAY=:0

Signal Handlers:
SIGSEGV: [libjvm.so+0x856f20], sa_mask[0]=0x7ffbfeff, sa_flags=0x10000004
SIGBUS: [libjvm.so+0x856f20], sa_mask[0]=0x7ffbfeff, sa_flags=0x10000004
SIGFPE: [libjvm.so+0x6fd190], sa_mask[0]=0x7ffbfeff, sa_flags=0x10000004
SIGPIPE: [libjvm.so+0x6fd190], sa_mask[0]=0x7ffbfeff, sa_flags=0x10000004
SIGXFSZ: [libjvm.so+0x6fd190], sa_mask[0]=0x7ffbfeff, sa_flags=0x10000004
SIGILL: [libjvm.so+0x6fd190], sa_mask[0]=0x7ffbfeff, sa_flags=0x10000004
SIGUSR1: SIG_DFL, sa_mask[0]=0x00000000, sa_flags=0x00000000
SIGUSR2: [libjvm.so+0x6fcb00], sa_mask[0]=0x00000004, sa_flags=0x10000004
SIGHUP: [libjvm.so+0x6fee70], sa_mask[0]=0x7ffbfeff, sa_flags=0x10000004
SIGINT: [libjvm.so+0x6fee70], sa_mask[0]=0x7ffbfeff, sa_flags=0x10000004
SIGTERM: [libjvm.so+0x6fee70], sa_mask[0]=0x7ffbfeff, sa_flags=0x10000004
SIGQUIT: [libjvm.so+0x6fee70], sa_mask[0]=0x7ffbfeff, sa_flags=0x10000004


---------------  S Y S T E M  ---------------

OS:jessie/sid

uname:Linux 3.13.0-24-generic #46-Ubuntu SMP Thu Apr 10 19:11:08 UTC 2014 x86_64
libc:glibc 2.19 NPTL 2.19 
rlimit: STACK 8192k, CORE 0k, NPROC 31358, NOFILE 4096, AS infinity
load average:0.50 0.74 1.12

/proc/meminfo:
MemTotal:        4043228 kB
MemFree:          124108 kB
Buffers:          307936 kB
Cached:           960008 kB
SwapCached:            0 kB
Active:          2890084 kB
Inactive:         733760 kB
Active(anon):    2356780 kB
Inactive(anon):    37688 kB
Active(file):     533304 kB
Inactive(file):   696072 kB
Unevictable:          64 kB
Mlocked:              64 kB
SwapTotal:             0 kB
SwapFree:              0 kB
Dirty:                44 kB
Writeback:             0 kB
AnonPages:       2355972 kB
Mapped:           320972 kB
Shmem:             38556 kB
Slab:             121264 kB
SReclaimable:      63936 kB
SUnreclaim:        57328 kB
KernelStack:        4904 kB
PageTables:        55720 kB
NFS_Unstable:          0 kB
Bounce:                0 kB
WritebackTmp:          0 kB
CommitLimit:     2021612 kB
Committed_AS:    6792768 kB
VmallocTotal:   34359738367 kB
VmallocUsed:      306940 kB
VmallocChunk:   34359426044 kB
HardwareCorrupted:     0 kB
AnonHugePages:    473088 kB
HugePages_Total:       0
HugePages_Free:        0
HugePages_Rsvd:        0
HugePages_Surp:        0
Hugepagesize:       2048 kB
DirectMap4k:     1051628 kB
DirectMap2M:     3137536 kB


CPU:total 2 (2 cores per cpu, 1 threads per core) family 6 model 23 stepping 10, cmov, cx8, fxsr, mmx, sse, sse2, sse3, ssse3, sse4.1

/proc/cpuinfo:
processor	: 0
vendor_id	: GenuineIntel
cpu family	: 6
model		: 23
model name	: Intel(R) Core(TM)2 Duo CPU     P8700  @ 2.53GHz
stepping	: 10
microcode	: 0xa07
cpu MHz		: 2534.000
cache size	: 3072 KB
physical id	: 0
siblings	: 2
core id		: 0
cpu cores	: 2
apicid		: 0
initial apicid	: 0
fpu		: yes
fpu_exception	: yes
cpuid level	: 13
wp		: yes
flags		: fpu vme de pse tsc msr pae mce cx8 apic sep mtrr pge mca cmov pat pse36 clflush dts acpi mmx fxsr sse sse2 ss ht tm pbe syscall nx lm constant_tsc arch_perfmon pebs bts rep_good nopl aperfmperf pni dtes64 monitor ds_cpl vmx smx est tm2 ssse3 cx16 xtpr pdcm sse4_1 xsave lahf_lm ida dtherm tpr_shadow vnmi flexpriority
bogomips	: 5053.77
clflush size	: 64
cache_alignment	: 64
address sizes	: 36 bits physical, 48 bits virtual
power management:

processor	: 1
vendor_id	: GenuineIntel
cpu family	: 6
model		: 23
model name	: Intel(R) Core(TM)2 Duo CPU     P8700  @ 2.53GHz
stepping	: 10
microcode	: 0xa07
cpu MHz		: 2534.000
cache size	: 3072 KB
physical id	: 0
siblings	: 2
core id		: 1
cpu cores	: 2
apicid		: 1
initial apicid	: 1
fpu		: yes
fpu_exception	: yes
cpuid level	: 13
wp		: yes
flags		: fpu vme de pse tsc msr pae mce cx8 apic sep mtrr pge mca cmov pat pse36 clflush dts acpi mmx fxsr sse sse2 ss ht tm pbe syscall nx lm constant_tsc arch_perfmon pebs bts rep_good nopl aperfmperf pni dtes64 monitor ds_cpl vmx smx est tm2 ssse3 cx16 xtpr pdcm sse4_1 xsave lahf_lm ida dtherm tpr_shadow vnmi flexpriority
bogomips	: 5053.77
clflush size	: 64
cache_alignment	: 64
address sizes	: 36 bits physical, 48 bits virtual
power management:



Memory: 4k page, physical 4043228k(124108k free), swap 0k(0k free)

vm_info: Java HotSpot(TM) 64-Bit Server VM (22.0-b10) for linux-amd64 JRE (1.7.0_02-b13), built on Nov 17 2011 13:19:26 by "java_re" with gcc 4.3.0 20080428 (Red Hat 4.3.0-8)

time: Wed May 21 20:43:05 2014
elapsed time: 2 seconds

